<?xml version="1.0" encoding="UTF-8"?>
<testsuites name="TodoMVCTestSuite" time="0.091" tests="1" failures="0" errors="0">
   <testsuite name="TodoMVCTestSuite" tests="1" failures="0" errors="0" time="0.091" skipped="0" timestamp="11-02-2025T01:44:22" hostname="edo - localhost" id="Test Suites/TodoMVCTestSuite">
      <properties>
         <property name="deviceName" value=""/>
         <property name="devicePlatform"/>
         <property name="logFolder" value="/Users/edo/Tinkering/e2e-todomvc/tests/e2e/Reports/20250211_014417/TodoMVCTestSuite/20250211_014417"/>
         <property name="logFiles" value="/Users/edo/Tinkering/e2e-todomvc/tests/e2e/Reports/20250211_014417/TodoMVCTestSuite/20250211_014417/execution0.log"/>
         <property name="attachments" value=""/>
         <property name="hostName" value="edo - localhost"/>
         <property name="hostAddress" value="127.0.0.1"/>
         <property name="os" value="Mac OS X 64bit"/>
         <property name="katalonVersion" value="10.0.1.223"/>
      </properties>
      <testcase name="Test Cases/todo/AddTodoTest" time="0.015" classname="Test Cases/todo/AddTodoTest" status="PASSED">
         <system-out><![CDATA[11-02-2025T01:44:22 - [TEST_CASE][PASSED] - Test Cases/todo/AddTodoTest: null]]></system-out>
         <system-err><![CDATA[]]></system-err>
      </testcase>
      <system-out><![CDATA[11-02-2025T01:44:22 - [TEST_SUITE][INCOMPLETE] - TodoMVCTestSuite: null]]></system-out>
      <system-err><![CDATA[11-02-2025T01:44:22 - [TEST_SUITE][INCOMPLETE] - TodoMVCTestSuite: null]]></system-err>
   </testsuite>
</testsuites>
